<?xml version="1.0" encoding="UTF-8"?>
<!-- Generated by org.testng.reporters.JUnitReportReporter -->
<testsuite hostname="DESKTOP-E3FNQHB" failures="0" tests="2" name="alldemo2.parameter" time="9.335" errors="0" timestamp="2022-08-12T10:24:42 IST" skipped="0">
  <testcase classname="alldemo2.parameter" name="test1" time="5.144"/>
  <system-out/>
  <testcase classname="alldemo2.parameter" name="test1" time="4.191"/>
  <system-out/>
</testsuite> <!-- alldemo2.parameter -->
