<?xml version="1.0" encoding="UTF-8"?>
<!-- Generated by org.testng.reporters.JUnitReportReporter -->
<testsuite hostname="DESKTOP-E3FNQHB" failures="0" tests="2" name="testnggroup.NewTest" time="0.017" errors="0" timestamp="2022-06-28T13:00:20 IST" skipped="0">
  <testcase classname="testnggroup.NewTest" name="test2" time="0.001"/>
  <system-out/>
  <testcase classname="testnggroup.NewTest" name="test1" time="0.016"/>
  <system-out/>
</testsuite> <!-- testnggroup.NewTest -->
