<?xml version="1.0" encoding="UTF-8"?>
<!-- Generated by org.testng.reporters.JUnitReportReporter -->
<testsuite hostname="DESKTOP-E3FNQHB" failures="0" tests="4" name="alldemo2.testdemo1" time="0.013" errors="0" timestamp="2022-08-30T12:40:48 IST" skipped="0">
  <testcase classname="alldemo2.testdemo1" name="aakash" time="0.009"/>
  <system-out/>
  <testcase classname="alldemo2.testdemo1" name="test4" time="0.002"/>
  <system-out/>
  <testcase classname="alldemo2.testdemo1" name="akash" time="0.001"/>
  <system-out/>
  <testcase classname="alldemo2.testdemo1" name="test3" time="0.001"/>
  <system-out/>
</testsuite> <!-- alldemo2.testdemo1 -->
