<?xml version="1.0" encoding="UTF-8"?>
<!-- Generated by org.testng.reporters.JUnitReportReporter -->
<testsuite hostname="DESKTOP-E3FNQHB" failures="0" tests="4" name="alldemo2.testdemo2" time="0.003" errors="0" timestamp="2022-08-30T12:34:27 IST" skipped="0">
  <testcase classname="alldemo2.testdemo2" name="test1" time="0.001"/>
  <system-out/>
  <testcase classname="alldemo2.testdemo2" name="test4" time="0.000"/>
  <system-out/>
  <testcase classname="alldemo2.testdemo2" name="test2" time="0.001"/>
  <system-out/>
  <testcase classname="alldemo2.testdemo2" name="test3" time="0.001"/>
  <system-out/>
</testsuite> <!-- alldemo2.testdemo2 -->
