<?xml version="1.0" encoding="UTF-8"?>
<!-- Generated by org.testng.reporters.JUnitReportReporter -->
<testsuite hostname="DESKTOP-E3FNQHB" failures="0" tests="1" name="excel.exceldemo2" time="0.568" errors="0" timestamp="2022-06-29T16:52:56 IST" skipped="0">
  <testcase classname="excel.exceldemo2" name="akash" time="0.568"/>
  <system-out/>
</testsuite> <!-- excel.exceldemo2 -->
