<?xml version="1.0" encoding="UTF-8"?>
<!-- Generated by org.testng.reporters.JUnitReportReporter -->
<testsuite hostname="DESKTOP-E3FNQHB" failures="0" tests="1" name="alldemo.practicedemo2" time="0.010" errors="0" timestamp="2022-07-02T15:40:15 IST" skipped="0">
  <testcase classname="alldemo.practicedemo2" name="akashs" time="0.010"/>
  <system-out/>
</testsuite> <!-- alldemo.practicedemo2 -->
