<?xml version="1.0" encoding="UTF-8"?>
<!-- Generated by org.testng.reporters.JUnitReportReporter -->
<testsuite hostname="DESKTOP-E3FNQHB" failures="0" tests="1" name="framedemo.frametest1" time="36.211" errors="0" timestamp="2022-09-12T11:11:05 IST" skipped="0">
  <testcase classname="framedemo.frametest1" name="test1" time="36.211"/>
  <system-out/>
</testsuite> <!-- framedemo.frametest1 -->
