<?xml version="1.0" encoding="UTF-8"?>
<!-- Generated by org.testng.reporters.JUnitReportReporter -->
<testsuite hostname="DESKTOP-E3FNQHB" failures="0" tests="1" name="framework.Stringframe" time="0.012" errors="0" timestamp="2022-10-11T12:39:03 IST" skipped="0">
  <testcase classname="framework.Stringframe" name="test" time="0.012"/>
  <system-out/>
</testsuite> <!-- framework.Stringframe -->
