<?xml version="1.0" encoding="UTF-8"?>
<!-- Generated by org.testng.reporters.JUnitReportReporter -->
<testsuite hostname="DESKTOP-E3FNQHB" failures="0" tests="4" name="daraprovide.datacalltest" time="0.038" errors="0" timestamp="2022-06-29T12:50:29 IST" skipped="0">
  <testcase classname="daraprovide.datacalltest" name="akash" time="0.016"/>
  <system-out/>
  <testcase classname="daraprovide.datacalltest" name="akash" time="0.003"/>
  <system-out/>
  <testcase classname="daraprovide.datacalltest" name="akash" time="0.010"/>
  <system-out/>
  <testcase classname="daraprovide.datacalltest" name="akash" time="0.009"/>
  <system-out/>
</testsuite> <!-- daraprovide.datacalltest -->
