<?xml version="1.0" encoding="UTF-8"?>
<!-- Generated by org.testng.reporters.JUnitReportReporter -->
<testsuite hostname="DESKTOP-E3FNQHB" failures="0" tests="1" name="windowsdemo.window_by_navigate" time="6.359" errors="0" timestamp="2022-11-03T13:12:05 IST" skipped="0">
  <testcase classname="windowsdemo.window_by_navigate" name="navigate" time="6.359"/>
  <system-out/>
</testsuite> <!-- windowsdemo.window_by_navigate -->
