<?xml version="1.0" encoding="UTF-8"?>
<!-- Generated by org.testng.reporters.JUnitReportReporter -->
<testsuite hostname="DESKTOP-E3FNQHB" failures="0" tests="2" name="alldemo.invocation" time="0.017" errors="0" timestamp="2022-07-27T14:12:55 IST" skipped="1">
  <testcase classname="alldemo.invocation" name="test1" time="0.017"/>
  <system-out/>
  <testcase classname="alldemo.invocation" name="test2">
    <skipped/>
  </testcase> <!-- test2 -->
  <system-out/>
</testsuite> <!-- alldemo.invocation -->
