<?xml version="1.0" encoding="UTF-8"?>
<!-- Generated by org.testng.reporters.JUnitReportReporter -->
<testsuite hostname="DESKTOP-E3FNQHB" failures="0" tests="2" name="daraprovide.dataprovidemo3" time="0.012" errors="0" timestamp="2022-06-29T12:36:03 IST" skipped="0">
  <testcase classname="daraprovide.dataprovidemo3" name="akash" time="0.011"/>
  <system-out/>
  <testcase classname="daraprovide.dataprovidemo3" name="akash" time="0.001"/>
  <system-out/>
</testsuite> <!-- daraprovide.dataprovidemo3 -->
