<?xml version="1.0" encoding="UTF-8"?>
<!-- Generated by org.testng.reporters.JUnitReportReporter -->
<testsuite hostname="DESKTOP-E3FNQHB" failures="0" tests="8" name="testngdemo1.testngdependsgroup" time="0.027" errors="0" timestamp="2022-07-03T12:37:05 IST" skipped="0">
  <testcase classname="testngdemo1.testngdependsgroup" name="test7" time="0.002"/>
  <system-out/>
  <testcase classname="testngdemo1.testngdependsgroup" name="test4" time="0.001"/>
  <system-out/>
  <testcase classname="testngdemo1.testngdependsgroup" name="test3" time="0.001"/>
  <system-out/>
  <testcase classname="testngdemo1.testngdependsgroup" name="testmain" time="0.001"/>
  <system-out/>
  <testcase classname="testngdemo1.testngdependsgroup" name="test5" time="0.002"/>
  <system-out/>
  <testcase classname="testngdemo1.testngdependsgroup" name="test1" time="0.016"/>
  <system-out/>
  <testcase classname="testngdemo1.testngdependsgroup" name="test2" time="0.002"/>
  <system-out/>
  <testcase classname="testngdemo1.testngdependsgroup" name="test6" time="0.002"/>
  <system-out/>
</testsuite> <!-- testngdemo1.testngdependsgroup -->
