<?xml version="1.0" encoding="UTF-8"?>
<!-- Generated by org.testng.reporters.JUnitReportReporter -->
<testsuite hostname="DESKTOP-E3FNQHB" failures="0" tests="1" name="exceldemo2.test_excel_total" time="0.613" errors="0" timestamp="2022-11-15T10:49:26 IST" skipped="0">
  <testcase classname="exceldemo2.test_excel_total" name="test_excel" time="0.613"/>
  <system-out/>
</testsuite> <!-- exceldemo2.test_excel_total -->
