<?xml version="1.0" encoding="UTF-8"?>
<!-- Generated by org.testng.reporters.JUnitReportReporter -->
<testsuite hostname="DESKTOP-E3FNQHB" failures="0" tests="1" name="mouseaction.scrollaction" time="4.474" errors="0" timestamp="2022-08-24T12:31:26 IST" skipped="0">
  <testcase classname="mouseaction.scrollaction" name="test1" time="4.474"/>
  <system-out/>
</testsuite> <!-- mouseaction.scrollaction -->
