<?xml version="1.0" encoding="UTF-8"?>
<!-- Generated by org.testng.reporters.JUnitReportReporter -->
<testsuite hostname="DESKTOP-E3FNQHB" failures="0" tests="1" name="tabledemo.tabeltest1" time="4.386" errors="0" timestamp="2022-08-02T12:06:40 IST" skipped="0">
  <testcase classname="tabledemo.tabeltest1" name="test1" time="4.386"/>
  <system-out/>
</testsuite> <!-- tabledemo.tabeltest1 -->
