<?xml version="1.0" encoding="UTF-8"?>
<!-- Generated by org.testng.reporters.JUnitReportReporter -->
<testsuite hostname="DESKTOP-E3FNQHB" failures="0" tests="1" name="framedemo.frametest3" time="4.361" errors="0" timestamp="2022-10-22T11:56:28 IST" skipped="0">
  <testcase classname="framedemo.frametest3" name="test1" time="4.361"/>
  <system-out/>
</testsuite> <!-- framedemo.frametest3 -->
