<?xml version="1.0" encoding="UTF-8"?>
<!-- Generated by org.testng.reporters.JUnitReportReporter -->
<testsuite hostname="DESKTOP-E3FNQHB" failures="0" tests="1" name="exceldemo.exceldemo1" time="0.559" errors="0" timestamp="2022-09-03T17:26:25 IST" skipped="0">
  <testcase classname="exceldemo.exceldemo1" name="testexcel" time="0.559"/>
  <system-out/>
</testsuite> <!-- exceldemo.exceldemo1 -->
