<?xml version="1.0" encoding="UTF-8"?>
<!-- Generated by org.testng.reporters.JUnitReportReporter -->
<testsuite hostname="DESKTOP-E3FNQHB" failures="0" tests="1" name="excel.meth" time="7.657" errors="0" timestamp="2022-08-11T14:19:23 IST" skipped="0">
  <testcase classname="excel.meth" name="methode" time="7.657"/>
  <system-out/>
</testsuite> <!-- excel.meth -->
