<?xml version="1.0" encoding="UTF-8"?>
<!-- Generated by org.testng.reporters.JUnitReportReporter -->
<testsuite hostname="DESKTOP-E3FNQHB" failures="0" tests="1" name="alldemo.dependence" time="3.666" errors="0" timestamp="2022-07-26T15:11:20 IST" skipped="0">
  <testcase classname="alldemo.dependence" name="test1" time="3.666"/>
  <system-out/>
</testsuite> <!-- alldemo.dependence -->
