<?xml version="1.0" encoding="UTF-8"?>
<!-- Generated by org.testng.reporters.JUnitReportReporter -->
<testsuite hostname="DESKTOP-E3FNQHB" failures="0" tests="4" name="testnggroup.groupdemo1" time="0.004" errors="0" timestamp="2022-08-12T11:30:58 IST" skipped="0">
  <testcase classname="testnggroup.groupdemo1" name="test3" time="0.001"/>
  <system-out/>
  <testcase classname="testnggroup.groupdemo1" name="test4" time="0.001"/>
  <system-out/>
  <testcase classname="testnggroup.groupdemo1" name="test1" time="0.001"/>
  <system-out/>
  <testcase classname="testnggroup.groupdemo1" name="maintest" time="0.001"/>
  <system-out/>
</testsuite> <!-- testnggroup.groupdemo1 -->
