<?xml version="1.0" encoding="UTF-8"?>
<!-- Generated by org.testng.reporters.JUnitReportReporter -->
<testsuite hostname="DESKTOP-E3FNQHB" failures="0" tests="1" name="framedemo.frametest2" time="56.970" errors="0" timestamp="2022-08-02T12:55:54 IST" skipped="0">
  <testcase classname="framedemo.frametest2" name="test1" time="56.970"/>
  <system-out/>
</testsuite> <!-- framedemo.frametest2 -->
