<?xml version="1.0" encoding="UTF-8"?>
<!-- Generated by org.testng.reporters.JUnitReportReporter -->
<testsuite hostname="DESKTOP-E3FNQHB" failures="0" tests="1" name="excel.exceldemo1" time="0.425" errors="0" timestamp="2022-06-29T15:26:52 IST" skipped="0">
  <testcase classname="excel.exceldemo1" name="akash" time="0.425"/>
  <system-out/>
</testsuite> <!-- excel.exceldemo1 -->
