<?xml version="1.0" encoding="UTF-8"?>
<!-- Generated by org.testng.reporters.JUnitReportReporter -->
<testsuite hostname="DESKTOP-E3FNQHB" failures="0" tests="1" name="windowsdemo.windowstest3" time="19.800" errors="0" timestamp="2022-09-05T12:03:27 IST" skipped="0">
  <testcase classname="windowsdemo.windowstest3" name="test1" time="19.800"/>
  <system-out/>
</testsuite> <!-- windowsdemo.windowstest3 -->
