<?xml version="1.0" encoding="UTF-8"?>
<!-- Generated by org.testng.reporters.JUnitReportReporter -->
<testsuite hostname="DESKTOP-E3FNQHB" failures="0" tests="1" name="excel.anil_comapny_excel" time="0.550" errors="0" timestamp="2022-11-11T13:13:11 IST" skipped="0">
  <testcase classname="excel.anil_comapny_excel" name="excel_test2" time="0.550"/>
  <system-out/>
</testsuite> <!-- excel.anil_comapny_excel -->
