<?xml version="1.0" encoding="UTF-8"?>
<!-- Generated by org.testng.reporters.JUnitReportReporter -->
<testsuite hostname="DESKTOP-E3FNQHB" failures="0" tests="2" name="excel.exceltest2" time="25.989" errors="0" timestamp="2022-06-30T10:09:52 IST" skipped="0">
  <testcase classname="excel.exceltest2" name="guttedar" time="11.787"/>
  <system-out/>
  <testcase classname="excel.exceltest2" name="guttedar" time="14.202"/>
  <system-out/>
</testsuite> <!-- excel.exceltest2 -->
