<?xml version="1.0" encoding="UTF-8"?>
<!-- Generated by org.testng.reporters.JUnitReportReporter -->
<testsuite hostname="DESKTOP-E3FNQHB" failures="0" tests="1" name="windowsdemo.windowstest1" time="14.894" errors="0" timestamp="2022-09-12T11:02:03 IST" skipped="0">
  <testcase classname="windowsdemo.windowstest1" name="test1" time="14.894"/>
  <system-out/>
</testsuite> <!-- windowsdemo.windowstest1 -->
