<?xml version="1.0" encoding="UTF-8"?>
<!-- Generated by org.testng.reporters.JUnitReportReporter -->
<testsuite hostname="DESKTOP-E3FNQHB" failures="0" tests="3" name="parallel.paralleltest3" time="0.019" errors="0" timestamp="2022-06-30T12:42:49 IST" skipped="0">
  <testcase classname="parallel.paralleltest3" name="testmethod8" time="0.005"/>
  <system-out/>
  <testcase classname="parallel.paralleltest3" name="testmethod9" time="0.003"/>
  <system-out/>
  <testcase classname="parallel.paralleltest3" name="testmethod10" time="0.011"/>
  <system-out/>
</testsuite> <!-- parallel.paralleltest3 -->
