<?xml version="1.0" encoding="UTF-8"?>
<!-- Generated by org.testng.reporters.JUnitReportReporter -->
<testsuite hostname="DESKTOP-E3FNQHB" failures="0" tests="1" name="alldemo2.assertionsoft" time="12.336" errors="0" timestamp="2022-08-12T10:19:28 IST" skipped="0">
  <testcase classname="alldemo2.assertionsoft" name="test1" time="12.336"/>
  <system-out/>
</testsuite> <!-- alldemo2.assertionsoft -->
