<?xml version="1.0" encoding="UTF-8"?>
<!-- Generated by org.testng.reporters.JUnitReportReporter -->
<testsuite hostname="DESKTOP-E3FNQHB" failures="0" tests="2" name="alldemo.parameter" time="9.181" errors="0" timestamp="2022-09-21T12:58:34 IST" skipped="0">
  <testcase classname="alldemo.parameter" name="test1" time="5.544"/>
  <system-out/>
  <testcase classname="alldemo.parameter" name="test1" time="3.637"/>
  <system-out/>
</testsuite> <!-- alldemo.parameter -->
