<?xml version="1.0" encoding="UTF-8"?>
<!-- Generated by org.testng.reporters.JUnitReportReporter -->
<testsuite hostname="DESKTOP-E3FNQHB" failures="0" tests="4" name="parallel.paralleltest1" time="0.018" errors="0" timestamp="2022-06-30T12:42:49 IST" skipped="0">
  <testcase classname="parallel.paralleltest1" name="testmethod3" time="0.002"/>
  <system-out/>
  <testcase classname="parallel.paralleltest1" name="testmethod2" time="0.004"/>
  <system-out/>
  <testcase classname="parallel.paralleltest1" name="testmethod1" time="0.011"/>
  <system-out/>
  <testcase classname="parallel.paralleltest1" name="testmethod4" time="0.001"/>
  <system-out/>
</testsuite> <!-- parallel.paralleltest1 -->
