<?xml version="1.0" encoding="UTF-8"?>
<!-- Generated by org.testng.reporters.JUnitReportReporter -->
<testsuite hostname="DESKTOP-E3FNQHB" failures="0" tests="1" name="excel.exceltest" time="0.509" errors="0" timestamp="2022-07-03T14:35:20 IST" skipped="0">
  <testcase classname="excel.exceltest" name="guttedar" time="0.509"/>
  <system-out/>
</testsuite> <!-- excel.exceltest -->
