<?xml version="1.0" encoding="UTF-8"?>
<!-- Generated by org.testng.reporters.JUnitReportReporter -->
<testsuite hostname="DESKTOP-E3FNQHB" failures="0" tests="1" name="alldemo.timeout" time="4.941" errors="0" timestamp="2022-07-26T16:04:18 IST" skipped="0">
  <testcase classname="alldemo.timeout" name="test1" time="4.941"/>
  <system-out/>
</testsuite> <!-- alldemo.timeout -->
