<?xml version="1.0" encoding="UTF-8"?>
<!-- Generated by org.testng.reporters.JUnitReportReporter -->
<testsuite hostname="DESKTOP-E3FNQHB" failures="0" tests="4" name="testnggroup.NewTest2" time="0.015" errors="0" timestamp="2022-06-28T16:06:35 IST" skipped="0">
  <testcase classname="testnggroup.NewTest2" name="test4" time="0.011"/>
  <system-out/>
  <testcase classname="testnggroup.NewTest2" name="test7" time="0.001"/>
  <system-out/>
  <testcase classname="testnggroup.NewTest2" name="test5" time="0.002"/>
  <system-out/>
  <testcase classname="testnggroup.NewTest2" name="test6" time="0.001"/>
  <system-out/>
</testsuite> <!-- testnggroup.NewTest2 -->
