<?xml version="1.0" encoding="UTF-8"?>
<!-- Generated by org.testng.reporters.JUnitReportReporter -->
<testsuite hostname="DESKTOP-E3FNQHB" failures="0" tests="1" name="alldemo.testngdemo1" time="5.014" errors="1" timestamp="2022-07-26T16:28:12 IST" skipped="0">
  <testcase classname="alldemo.testngdemo1" name="test2" time="5.014">
    <error message="Method alldemo.testngdemo1.test2() didn&#039;t finish within the time-out 5000" type="org.testng.internal.thread.ThreadTimeoutException">
      <![CDATA[org.testng.internal.thread.ThreadTimeoutException: Method alldemo.testngdemo1.test2() didn't finish within the time-out 5000
at java.base@17.0.3.1/jdk.internal.misc.Unsafe.park(Native Method)
at java.base@17.0.3.1/java.util.concurrent.locks.LockSupport.parkNanos(LockSupport.java:252)
at java.base@17.0.3.1/java.util.concurrent.CompletableFuture$Signaller.block(CompletableFuture.java:1866)
at java.base@17.0.3.1/java.util.concurrent.ForkJoinPool.unmanagedBlock(ForkJoinPool.java:3463)
at java.base@17.0.3.1/java.util.concurrent.ForkJoinPool.managedBlock(ForkJoinPool.java:3434)
at java.base@17.0.3.1/java.util.concurrent.CompletableFuture.timedGet(CompletableFuture.java:1939)
at java.base@17.0.3.1/java.util.concurrent.CompletableFuture.get(CompletableFuture.java:2095)
at app//org.asynchttpclient.netty.NettyResponseFuture.get(NettyResponseFuture.java:206)
at app//org.openqa.selenium.remote.http.netty.NettyHttpHandler.makeCall(NettyHttpHandler.java:59)
at app//org.openqa.selenium.remote.http.netty.NettyHttpHandler$$Lambda$250/0x0000000800e1c5a8.execute(Unknown Source)
at app//org.openqa.selenium.remote.http.AddSeleniumUserAgent.lambda$apply$0(AddSeleniumUserAgent.java:42)
at app//org.openqa.selenium.remote.http.AddSeleniumUserAgent$$Lambda$444/0x0000000800e85d00.execute(Unknown Source)
at app//org.openqa.selenium.remote.http.Filter.lambda$andFinally$1(Filter.java:56)
at app//org.openqa.selenium.remote.http.Filter$$Lambda$251/0x0000000800e1c7d8.execute(Unknown Source)
at app//org.openqa.selenium.remote.http.netty.NettyHttpHandler.execute(NettyHttpHandler.java:49)
at app//org.openqa.selenium.remote.http.AddSeleniumUserAgent.lambda$apply$0(AddSeleniumUserAgent.java:42)
at app//org.openqa.selenium.remote.http.AddSeleniumUserAgent$$Lambda$444/0x0000000800e85d00.execute(Unknown Source)
at app//org.openqa.selenium.remote.http.Filter.lambda$andFinally$1(Filter.java:56)
at app//org.openqa.selenium.remote.http.Filter$$Lambda$251/0x0000000800e1c7d8.execute(Unknown Source)
at app//org.openqa.selenium.remote.http.netty.NettyClient.execute(NettyClient.java:98)
at app//org.openqa.selenium.remote.HttpCommandExecutor.execute(HttpCommandExecutor.java:181)
at app//org.openqa.selenium.remote.service.DriverCommandExecutor.invokeExecute(DriverCommandExecutor.java:167)
at app//org.openqa.selenium.remote.service.DriverCommandExecutor.execute(DriverCommandExecutor.java:142)
at app//org.openqa.selenium.remote.RemoteWebDriver.execute(RemoteWebDriver.java:551)
at app//org.openqa.selenium.remote.RemoteWebDriver.get(RemoteWebDriver.java:314)
at app//alldemo.testngdemo1.test2(testngdemo1.java:29)
at java.base@17.0.3.1/jdk.internal.reflect.NativeMethodAccessorImpl.invoke0(Native Method)
at java.base@17.0.3.1/jdk.internal.reflect.NativeMethodAccessorImpl.invoke(NativeMethodAccessorImpl.java:77)
at java.base@17.0.3.1/jdk.internal.reflect.DelegatingMethodAccessorImpl.invoke(DelegatingMethodAccessorImpl.java:43)
at java.base@17.0.3.1/java.lang.reflect.Method.invoke(Method.java:568)
at app//org.testng.internal.invokers.MethodInvocationHelper.invokeMethod(MethodInvocationHelper.java:139)
at app//org.testng.internal.invokers.InvokeMethodRunnable.runOne(InvokeMethodRunnable.java:47)
at app//org.testng.internal.invokers.InvokeMethodRunnable.call(InvokeMethodRunnable.java:73)
at app//org.testng.internal.invokers.InvokeMethodRunnable.call(InvokeMethodRunnable.java:11)
at java.base@17.0.3.1/java.util.concurrent.FutureTask.run(FutureTask.java:264)
at java.base@17.0.3.1/java.util.concurrent.ThreadPoolExecutor.runWorker(ThreadPoolExecutor.java:1136)
at java.base@17.0.3.1/java.util.concurrent.ThreadPoolExecutor$Worker.run(ThreadPoolExecutor.java:635)
at java.base@17.0.3.1/java.lang.Thread.run(Thread.java:833)
]]>
    </error>
  </testcase> <!-- test2 -->
  <system-out/>
</testsuite> <!-- alldemo.testngdemo1 -->
