<?xml version="1.0" encoding="UTF-8"?>
<!-- Generated by org.testng.reporters.JUnitReportReporter -->
<testsuite hostname="DESKTOP-E3FNQHB" failures="0" tests="1" name="excel.exce_read_test_class" time="6.730" errors="0" timestamp="2022-11-15T11:45:53 IST" skipped="0">
  <testcase classname="excel.exce_read_test_class" name="test_data" time="6.730"/>
  <system-out/>
</testsuite> <!-- excel.exce_read_test_class -->
