<?xml version="1.0" encoding="UTF-8"?>
<!-- Generated by org.testng.reporters.JUnitReportReporter -->
<testsuite hostname="DESKTOP-E3FNQHB" failures="0" tests="2" name="daraprovide.dataprovidemo2" time="0.008" errors="0" timestamp="2022-06-29T12:06:00 IST" skipped="0">
  <testcase classname="daraprovide.dataprovidemo2" name="akash" time="0.002"/>
  <system-out/>
  <testcase classname="daraprovide.dataprovidemo2" name="akash" time="0.006"/>
  <system-out/>
</testsuite> <!-- daraprovide.dataprovidemo2 -->
