<?xml version="1.0" encoding="UTF-8"?>
<!-- Generated by org.testng.reporters.JUnitReportReporter -->
<testsuite hostname="DESKTOP-E3FNQHB" failures="0" tests="2" name="daraprovide.datademo1" time="29.534" errors="0" timestamp="2022-07-26T15:56:34 IST" skipped="0">
  <testcase classname="daraprovide.datademo1" name="test1" time="14.301"/>
  <system-out/>
  <testcase classname="daraprovide.datademo1" name="test1" time="15.233"/>
  <system-out/>
</testsuite> <!-- daraprovide.datademo1 -->
