<?xml version="1.0" encoding="UTF-8"?>
<!-- Generated by org.testng.reporters.JUnitReportReporter -->
<testsuite hostname="DESKTOP-E3FNQHB" failures="0" tests="3" name="parallel.paralleltest2" time="0.017" errors="0" timestamp="2022-06-30T12:42:49 IST" skipped="0">
  <testcase classname="parallel.paralleltest2" name="testmethod5" time="0.011"/>
  <system-out/>
  <testcase classname="parallel.paralleltest2" name="testmethod6" time="0.003"/>
  <system-out/>
  <testcase classname="parallel.paralleltest2" name="testmethod7" time="0.003"/>
  <system-out/>
</testsuite> <!-- parallel.paralleltest2 -->
