<?xml version="1.0" encoding="UTF-8"?>
<!-- Generated by org.testng.reporters.JUnitReportReporter -->
<testsuite hostname="DESKTOP-E3FNQHB" failures="0" tests="4" name="testngdemo2.countimeoutsize" time="19.819" errors="0" timestamp="2022-06-30T16:01:55 IST" skipped="0">
  <testcase classname="testngdemo2.countimeoutsize" name="akash" time="4.868"/>
  <system-out/>
  <testcase classname="testngdemo2.countimeoutsize" name="akash" time="7.042"/>
  <system-out/>
  <testcase classname="testngdemo2.countimeoutsize" name="akash" time="3.069"/>
  <system-out/>
  <testcase classname="testngdemo2.countimeoutsize" name="akash" time="4.840"/>
  <system-out/>
</testsuite> <!-- testngdemo2.countimeoutsize -->
