<?xml version="1.0" encoding="UTF-8"?>
<!-- Generated by org.testng.reporters.JUnitReportReporter -->
<testsuite hostname="DESKTOP-E3FNQHB" failures="0" tests="4" name="alldemo.priority" time="0.015" errors="0" timestamp="2022-07-26T14:52:26 IST" skipped="1">
  <testcase classname="alldemo.priority" name="test4" time="0.011"/>
  <system-out/>
  <testcase classname="alldemo.priority" name="test3" time="0.002"/>
  <system-out/>
  <testcase classname="alldemo.priority" name="test1" time="0.002"/>
  <system-out/>
  <testcase classname="alldemo.priority" name="test2">
    <skipped/>
  </testcase> <!-- test2 -->
  <system-out/>
</testsuite> <!-- alldemo.priority -->
