<?xml version="1.0" encoding="UTF-8"?>
<!-- Generated by org.testng.reporters.JUnitReportReporter -->
<testsuite hostname="DESKTOP-E3FNQHB" failures="0" tests="4" name="parallel.datademo3" time="0.040" errors="0" timestamp="2022-09-21T13:24:13 IST" skipped="0">
  <testcase classname="parallel.datademo3" name="test2" time="0.010"/>
  <system-out/>
  <testcase classname="parallel.datademo3" name="test1" time="0.010"/>
  <system-out/>
  <testcase classname="parallel.datademo3" name="test4" time="0.010"/>
  <system-out/>
  <testcase classname="parallel.datademo3" name="test3" time="0.010"/>
  <system-out/>
</testsuite> <!-- parallel.datademo3 -->
