<?xml version="1.0" encoding="UTF-8"?>
<!-- Generated by org.testng.reporters.JUnitReportReporter -->
<testsuite hostname="DESKTOP-E3FNQHB" failures="0" tests="1" name="windowsdemo.windowstest2" time="20.667" errors="0" timestamp="2022-09-05T11:44:15 IST" skipped="0">
  <testcase classname="windowsdemo.windowstest2" name="test1" time="20.667"/>
  <system-out/>
</testsuite> <!-- windowsdemo.windowstest2 -->
