<?xml version="1.0" encoding="UTF-8"?>
<!-- Generated by org.testng.reporters.JUnitReportReporter -->
<testsuite hostname="DESKTOP-E3FNQHB" failures="0" tests="1" name="testngdemo1.testdemo1" time="6.790" errors="0" timestamp="2022-09-05T11:00:00 IST" skipped="0">
  <testcase classname="testngdemo1.testdemo1" name="test" time="6.790"/>
  <system-out/>
</testsuite> <!-- testngdemo1.testdemo1 -->
