<?xml version="1.0" encoding="UTF-8"?>
<!-- Generated by org.testng.reporters.JUnitReportReporter -->
<testsuite hostname="DESKTOP-E3FNQHB" failures="0" tests="2" name="testngdemo1.testdependence" time="0.013" errors="0" timestamp="2022-07-02T16:08:16 IST" skipped="0">
  <testcase classname="testngdemo1.testdependence" name="creatshipment" time="0.012"/>
  <system-out/>
  <testcase classname="testngdemo1.testdependence" name="trackshipment" time="0.001"/>
  <system-out/>
</testsuite> <!-- testngdemo1.testdependence -->
