<?xml version="1.0" encoding="UTF-8"?>
<!-- Generated by org.testng.reporters.JUnitReportReporter -->
<testsuite hostname="DESKTOP-E3FNQHB" failures="0" tests="6" name="testnggroup.testdependcegroup" time="0.013" errors="0" timestamp="2022-08-12T11:35:26 IST" skipped="2">
  <testcase classname="testnggroup.testdependcegroup" name="test3" time="0.001"/>
  <system-out/>
  <testcase classname="testnggroup.testdependcegroup" name="test6" time="0.001"/>
  <system-out/>
  <testcase classname="testnggroup.testdependcegroup" name="test4" time="0.001"/>
  <system-out/>
  <testcase classname="testnggroup.testdependcegroup" name="test1" time="0.010"/>
  <system-out/>
  <testcase classname="testnggroup.testdependcegroup" name="test2">
    <skipped/>
  </testcase> <!-- test2 -->
  <system-out/>
  <testcase classname="testnggroup.testdependcegroup" name="test5">
    <skipped/>
  </testcase> <!-- test5 -->
  <system-out/>
</testsuite> <!-- testnggroup.testdependcegroup -->
