<?xml version="1.0" encoding="UTF-8"?>
<!-- Generated by org.testng.reporters.JUnitReportReporter -->
<testsuite hostname="DESKTOP-E3FNQHB" failures="0" tests="1" name="windowsdemo.Gettitle" time="15.004" errors="0" timestamp="2022-09-21T16:29:55 IST" skipped="0">
  <testcase classname="windowsdemo.Gettitle" name="test" time="15.004"/>
  <system-out/>
</testsuite> <!-- windowsdemo.Gettitle -->
