<?xml version="1.0" encoding="UTF-8"?>
<!-- Generated by org.testng.reporters.JUnitReportReporter -->
<testsuite hostname="DESKTOP-E3FNQHB" failures="0" tests="4" name="parallel.datademo3" time="0.036" errors="0" timestamp="2022-11-16T11:05:00 IST" skipped="0">
  <testcase classname="parallel.datademo3" name="test3" time="0.001"/>
  <system-out/>
  <testcase classname="parallel.datademo3" name="test2" time="0.016"/>
  <system-out/>
  <testcase classname="parallel.datademo3" name="test4" time="0.003"/>
  <system-out/>
  <testcase classname="parallel.datademo3" name="test1" time="0.016"/>
  <system-out/>
</testsuite> <!-- parallel.datademo3 -->
