<?xml version="1.0" encoding="UTF-8"?>
<!-- Generated by org.testng.reporters.JUnitReportReporter -->
<testsuite hostname="DESKTOP-E3FNQHB" failures="0" tests="6" name="testngdemo1.flightbookingtest" time="0.019" errors="0" timestamp="2022-06-30T14:55:50 IST" skipped="0">
  <testcase classname="testngdemo1.flightbookingtest" name="signup" time="0.011"/>
  <system-out/>
  <testcase classname="testngdemo1.flightbookingtest" name="login" time="0.002"/>
  <system-out/>
  <testcase classname="testngdemo1.flightbookingtest" name="searchforflight" time="0.002"/>
  <system-out/>
  <testcase classname="testngdemo1.flightbookingtest" name="booktheflight" time="0.002"/>
  <system-out/>
  <testcase classname="testngdemo1.flightbookingtest" name="savetheticket" time="0.001"/>
  <system-out/>
  <testcase classname="testngdemo1.flightbookingtest" name="logout" time="0.001"/>
  <system-out/>
</testsuite> <!-- testngdemo1.flightbookingtest -->
