<?xml version="1.0" encoding="UTF-8"?>
<!-- Generated by org.testng.reporters.JUnitReportReporter -->
<testsuite hostname="DESKTOP-E3FNQHB" failures="0" tests="1" name="job.content" time="3.748" errors="0" timestamp="2022-10-31T16:43:50 IST" skipped="0">
  <testcase classname="job.content" name="test" time="3.748"/>
  <system-out/>
</testsuite> <!-- job.content -->
