<?xml version="1.0" encoding="UTF-8"?>
<!-- Generated by org.testng.reporters.JUnitReportReporter -->
<testsuite hostname="DESKTOP-E3FNQHB" failures="0" tests="1" name="alldemo.Assertion" time="9.323" errors="0" timestamp="2022-07-26T14:47:35 IST" skipped="0">
  <testcase classname="alldemo.Assertion" name="test1" time="9.323"/>
  <system-out/>
</testsuite> <!-- alldemo.Assertion -->
