<?xml version="1.0" encoding="UTF-8"?>
<!-- Generated by org.testng.reporters.JUnitReportReporter -->
<testsuite hostname="DESKTOP-E3FNQHB" failures="0" tests="1" name="exce_anil_demo.Excel_anil_demo" time="0.673" errors="0" timestamp="2022-11-23T15:35:59 IST" skipped="0">
  <testcase classname="exce_anil_demo.Excel_anil_demo" name="get_excel" time="0.673"/>
  <system-out/>
</testsuite> <!-- exce_anil_demo.Excel_anil_demo -->
