<?xml version="1.0" encoding="UTF-8"?>
<!-- Generated by org.testng.reporters.JUnitReportReporter -->
<testsuite hostname="DESKTOP-E3FNQHB" failures="0" tests="1" name="alldemo.practicedemo" time="14.645" errors="0" timestamp="2022-07-16T15:22:37 IST" skipped="0">
  <testcase classname="alldemo.practicedemo" name="google" time="14.645"/>
  <system-out/>
</testsuite> <!-- alldemo.practicedemo -->
