<?xml version="1.0" encoding="UTF-8"?>
<!-- Generated by org.testng.reporters.JUnitReportReporter -->
<testsuite hostname="DESKTOP-E3FNQHB" failures="0" tests="3" name="testnggroup.groupdemo1" time="0.015" errors="0" timestamp="2022-09-21T13:04:17 IST" skipped="0">
  <testcase classname="testnggroup.groupdemo1" name="test3" time="0.002"/>
  <system-out/>
  <testcase classname="testnggroup.groupdemo1" name="test4" time="0.001"/>
  <system-out/>
  <testcase classname="testnggroup.groupdemo1" name="test1" time="0.012"/>
  <system-out/>
</testsuite> <!-- testnggroup.groupdemo1 -->
