<?xml version="1.0" encoding="UTF-8"?>
<!-- Generated by org.testng.reporters.JUnitReportReporter -->
<testsuite hostname="DESKTOP-E3FNQHB" failures="0" tests="1" name="alldemo.parameter" time="6.401" errors="0" timestamp="2022-07-26T14:47:56 IST" skipped="0">
  <testcase classname="alldemo.parameter" name="test1" time="6.401"/>
  <system-out/>
</testsuite> <!-- alldemo.parameter -->
