<?xml version="1.0" encoding="UTF-8"?>
<!-- Generated by org.testng.reporters.JUnitReportReporter -->
<testsuite hostname="DESKTOP-E3FNQHB" failures="0" tests="4" name="parallel.datademo3" time="0.028" errors="0" timestamp="2022-08-12T12:40:17 IST" skipped="0">
  <testcase classname="parallel.datademo3" name="test2" time="0.012"/>
  <system-out/>
  <testcase classname="parallel.datademo3" name="test3" time="0.002"/>
  <system-out/>
  <testcase classname="parallel.datademo3" name="test1" time="0.012"/>
  <system-out/>
  <testcase classname="parallel.datademo3" name="test4" time="0.002"/>
  <system-out/>
</testsuite> <!-- parallel.datademo3 -->
