<?xml version="1.0" encoding="UTF-8"?>
<!-- Generated by org.testng.reporters.JUnitReportReporter -->
<testsuite hostname="DESKTOP-E3FNQHB" failures="0" tests="1" name="alldemo2.assertionhard" time="13.809" errors="0" timestamp="2022-08-12T10:19:28 IST" skipped="0">
  <testcase classname="alldemo2.assertionhard" name="test1" time="13.809"/>
  <system-out/>
</testsuite> <!-- alldemo2.assertionhard -->
