<?xml version="1.0" encoding="UTF-8"?>
<!-- Generated by org.testng.reporters.JUnitReportReporter -->
<testsuite hostname="DESKTOP-E3FNQHB" failures="0" tests="1" name="alldemo.timeout" time="0.015" errors="0" timestamp="2022-11-09T13:43:55 IST" skipped="0">
  <testcase classname="alldemo.timeout" name="testete" time="0.015"/>
  <system-out/>
</testsuite> <!-- alldemo.timeout -->
