<?xml version="1.0" encoding="UTF-8"?>
<!-- Generated by org.testng.reporters.JUnitReportReporter -->
<testsuite hostname="DESKTOP-E3FNQHB" failures="0" tests="4" name="alldemo2.priority" time="0.014" errors="0" timestamp="2022-08-12T10:41:10 IST" skipped="0">
  <testcase classname="alldemo2.priority" name="test4" time="0.010"/>
  <system-out/>
  <testcase classname="alldemo2.priority" name="test3" time="0.001"/>
  <system-out/>
  <testcase classname="alldemo2.priority" name="test2" time="0.001"/>
  <system-out/>
  <testcase classname="alldemo2.priority" name="test1" time="0.002"/>
  <system-out/>
</testsuite> <!-- alldemo2.priority -->
